\BOOKMARK [1][-]{section.1}{\376\377\000W\000e\000e\000k\000\040\0001\000\040\000R\000e\000a\000d\000i\000n\000g}{}% 1
\BOOKMARK [2][-]{subsection.1.1}{\376\377\000T\000a\000k\000e\000\040\000h\000o\000m\000e\000\040\000m\000e\000s\000s\000a\000g\000e\000s\000\040\000f\000o\000r\000\040\000W\000e\000e\000k\000\040\0001}{section.1}% 2
\BOOKMARK [2][-]{subsection.1.2}{\376\377\000E\000x\000p\000l\000a\000n\000a\000t\000i\000o\000n\000s\000\040\000a\000n\000d\000\040\000Q\000u\000e\000s\000t\000i\000o\000n\000s\000\040\000f\000o\000r\000\040\000W\000e\000e\000k\000\040\0001}{section.1}% 3
\BOOKMARK [1][-]{section.2}{\376\377\000W\000e\000e\000k\000\040\0002\000\040\000R\000e\000a\000d\000i\000n\000g}{}% 4
\BOOKMARK [2][-]{subsection.2.1}{\376\377\000T\000a\000k\000e\000\040\000h\000o\000m\000e\000\040\000m\000e\000s\000s\000a\000g\000e\000s\000\040\000f\000o\000r\000\040\000W\000e\000e\000k\000\040\0002}{section.2}% 5
\BOOKMARK [3][-]{subsubsection.2.1.1}{\376\377\133\371\171\360\177\244\116\345\123\312\121\166\210\150\171\072}{subsection.2.1}% 6
\BOOKMARK [3][-]{subsubsection.2.1.2}{\376\377\000C\000o\000n\000t\000i\000n\000u\000o\000u\000s\000\040\000G\000r\000o\000u\000p\000s\000\040\000a\000n\000d\000\040\000L\000i\000e\000\040\000A\000l\000g\000e\000b\000r\000a\000s}{subsection.2.1}% 7
\BOOKMARK [3][-]{subsubsection.2.1.3}{\376\377\000S\000U\000\050\0002\000\051\000\040\000A\000l\000g\000e\000b\000r\000a}{subsection.2.1}% 8
\BOOKMARK [2][-]{subsection.2.2}{\376\377\000E\000x\000p\000l\000a\000n\000a\000t\000i\000o\000n\000\040\000a\000n\000d\000\040\000Q\000u\000e\000s\000t\000i\000o\000n\000s\000\040\000f\000o\000r\000\040\000W\000e\000e\000k\000\040\0002}{section.2}% 9
\BOOKMARK [1][-]{section.3}{\376\377\000E\000x\000t\000r\000a\000:\000\040\000F\000o\000r\000m\000a\000l\000\040\000F\000o\000r\000m\000a\000l\000i\000s\000m\000\040\000o\000f\000\040\000L\000i\000e\000\040\000A\000l\000g\000e\000b\000r\000a}{}% 10
\BOOKMARK [2][-]{subsection.3.1}{\376\377\000L\000i\000e\000\040\000G\000r\000o\000u\000p\124\214\000L\000i\000e\000\040\000A\000l\000g\000e\000b\000r\000a\133\232\116\111}{section.3}% 11
\BOOKMARK [2][-]{subsection.3.2}{\376\377\000s\000u\000\050\0002\000\051\147\116\116\343\145\160\145\160\133\146\377\014\162\151\164\006\133\232\116\111}{section.3}% 12
\BOOKMARK [2][-]{subsection.3.3}{\376\377\131\015\123\026\116\345\123\312\123\112\123\125\147\116\116\343\145\160\210\150\171\072}{section.3}% 13
\BOOKMARK [2][-]{subsection.3.4}{\376\377\133\236\123\026\116\345\123\312\116\015\124\014\147\116\116\343\145\160\121\163\174\373}{section.3}% 14
\BOOKMARK [1][-]{section.4}{\376\377\000W\000e\000e\000k\000\040\0003\000\040\000R\000e\000a\000d\000i\000n\000g\000:\000\040\000T\000e\000n\000s\000o\000r\000\040\000O\000p\000e\000r\000a\000t\000o\000r\000s\000\040\000a\000n\000d\000\040\000W\000i\000g\000n\000e\000r\000-\000E\000c\000k\000a\000r\000t\000\040\000T\000h\000m}{}% 15
\BOOKMARK [2][-]{subsection.4.1}{\376\377\000T\000a\000k\000e\000\040\000h\000o\000m\000e\000\040\000m\000e\000s\000s\000a\000g\000e\000s\000\040\000f\000o\000r\000\040\000W\000e\000e\000k\000\040\0003}{section.4}% 16
\BOOKMARK [2][-]{subsection.4.2}{\376\377\000E\000x\000p\000l\000a\000n\000a\000t\000i\000o\000n\000s\000\040\000a\000n\000d\000\040\000Q\000u\000e\000s\000t\000i\000o\000n\000s\000\040\000f\000o\000r\000\040\000W\000e\000e\000k\000\040\0003}{section.4}% 17
\BOOKMARK [1][-]{section.5}{\376\377\000W\000e\000e\000k\000\040\0004\000\040\000R\000e\000a\000d\000i\000n\000g\000:\000\040\000I\000s\000o\000s\000p\000i\000n\000\040\000a\000n\000d\000\040\000P\000h\000y\000s\000i\000c\000s}{}% 18
\BOOKMARK [2][-]{subsection.5.1}{\376\377\000T\000a\000k\000e\000\040\000H\000o\000m\000e\000\040\000M\000e\000s\000s\000a\000g\000e\000s}{section.5}% 19
\BOOKMARK [2][-]{subsection.5.2}{\376\377\000Q\000u\000e\000s\000t\000i\000o\000n\000s\000\040\000a\000n\000d\000\040\000T\000h\000o\000u\000g\000h\000t\000s}{section.5}% 20
\BOOKMARK [1][-]{section.6}{\376\377\000W\000e\000e\000k\000\040\0005\000\040\000R\000e\000a\000d\000i\000n\000g\000:\000\040\000R\000o\000o\000t\000\040\000a\000n\000d\000\040\000W\000e\000i\000g\000h\000t\000\040\000\046\000\040\000S\000U\000\050\0003\000\051}{}% 21
\BOOKMARK [2][-]{subsection.6.1}{\376\377\145\160\133\146\210\145\121\105\167\345\213\306}{section.6}% 22
\BOOKMARK [2][-]{subsection.6.2}{\376\377\000R\000o\000o\000t\000\040\000a\000n\000d\000\040\000W\000e\000i\000g\000h\000t\000s\000\040\000\050\000G\000e\000o\000r\000g\000i\000\051}{section.6}% 23
\BOOKMARK [3][-]{subsubsection.6.2.1}{\376\377\000C\000a\000r\000t\000a\000n\133\120\116\343\145\160\116\345\123\312\000w\000e\000i\000g\000h\000t}{subsection.6.2}% 24
\BOOKMARK [3][-]{subsubsection.6.2.2}{\376\377\000A\000d\000j\000o\000i\000n\000t\000\040\000R\000e\000p\000r\000e\000s\000e\000n\000t\000a\000t\000i\000o\000n\000\040\000a\000n\000d\000\040\000R\000o\000o\000t}{subsection.6.2}% 25
\BOOKMARK [3][-]{subsubsection.6.2.3}{\376\377\000C\000a\000r\000t\000a\000n\000-\000W\000e\000y\000l\000\040\000B\000a\000s\000i\000s\133\371\116\216\116\000\202\054\210\150\171\072}{subsection.6.2}% 26
\BOOKMARK [3][-]{subsubsection.6.2.4}{\376\377\000R\000o\000o\000t\000\040\000V\000e\000c\000t\000o\000r\166\204\126\376\120\317\210\150\217\276}{subsection.6.2}% 27
\BOOKMARK [2][-]{subsection.6.3}{\376\377\000E\000x\000a\000m\000p\000l\000e\000s\000:\000\040\000S\000U\000\050\0003\000\051\000\040\000L\000i\000e\000\040\000A\000l\000g\000e\000b\000r\000a\000\040\000\050\000G\000e\000o\000r\000g\000i\000\051}{section.6}% 28
\BOOKMARK [2][-]{subsection.6.4}{\376\377\000S\000U\000\050\0003\000\051\000\040\000L\000i\000e\000\040\000A\000l\000g\000e\000b\000r\000a\000\040\000\050\000R\000a\000m\000o\000n\000d\000\051}{section.6}% 29
\BOOKMARK [2][-]{subsection.6.5}{\376\377\000Q\000u\000e\000s\000t\000i\000o\000n\000s\000\040\000a\000n\000d\000\040\000t\000h\000o\000u\000g\000h\000t\000s}{section.6}% 30
\BOOKMARK [1][-]{section.7}{\376\377\000E\000x\000t\000r\000a\000\040\0002\000:\000\040\000S\000i\000m\000p\000l\000e\000\040\000L\000i\000e\000\040\000A\000l\000g\000e\000b\000r\000a\000\040\000a\000n\000d\000\040\000R\000e\000p\000r\000e\000s\000e\000n\000t\000a\000t\000i\000o\000n}{}% 31
\BOOKMARK [1][-]{section.8}{\376\377\000W\000e\000e\000k\000\040\0006\000-\0007\000\040\000R\000e\000a\000d\000i\000n\000g\000:\000\040\000S\000i\000m\000p\000l\000e\000\040\000R\000o\000o\000t}{}% 32
\BOOKMARK [2][-]{subsection.8.1}{\376\377\116\316\000S\000i\000m\000p\000l\000e\000\040\000R\000o\000o\000t\122\060\000C\000a\000r\000t\000a\000n\000\040\000M\000a\000t\000r\000i\000x}{section.8}% 33
\BOOKMARK [3][-]{subsubsection.8.1.1}{\376\377\000P\000r\000e\000l\000i\000m\000i\000n\000a\000r\000y\167\345\213\306}{subsection.8.1}% 34
\BOOKMARK [3][-]{subsubsection.8.1.2}{\376\377\000S\000i\000m\000p\000l\000e\000\040\000R\000o\000o\000t\166\204\133\232\116\111\116\016\140\047\215\050}{subsection.8.1}% 35
\BOOKMARK [3][-]{subsubsection.8.1.3}{\376\377\000C\000a\000r\000t\000a\000n\000\040\000M\000a\000t\000r\000i\000x\210\150\217\276\000S\000i\000m\000p\000l\000e\000\040\000R\000o\000o\000t}{subsection.8.1}% 36
\BOOKMARK [2][-]{subsection.8.2}{\376\377\116\316\000C\000a\000r\000t\000a\000n\000\040\000M\000a\000t\000r\000i\000x\221\315\147\204\147\116\116\343\145\160}{section.8}% 37
\BOOKMARK [3][-]{subsubsection.8.2.1}{\376\377\000C\000a\000r\000t\000a\000n\167\351\226\065\221\315\147\204\000R\000o\000o\000t\000\040\000S\000y\000s\000t\000e\000m}{subsection.8.2}% 38
\BOOKMARK [3][-]{subsubsection.8.2.2}{\376\377\116\316\000R\000o\000o\000t\000\040\000S\000y\000s\000t\000e\000m\221\315\147\204\147\116\116\343\145\160}{subsection.8.2}% 39
\BOOKMARK [2][-]{subsection.8.3}{\376\377\116\316\000R\000o\000o\000t\000\040\000S\000y\000s\000t\000e\000m\176\323\147\204\221\315\147\204\210\150\171\072}{section.8}% 40
\BOOKMARK [3][-]{subsubsection.8.3.1}{\376\377\000f\000u\000n\000d\000a\000m\000e\000n\000t\000a\000l\000\040\000W\000e\000i\000g\000h\000t\000\040\000a\000n\000d\000\040\000R\000e\000p\000r\000e\000s\000e\000n\000t\000a\000t\000i\000o\000n}{subsection.8.3}% 41
\BOOKMARK [3][-]{subsubsection.8.3.2}{\376\377\000f\000u\000n\000d\000a\000m\000e\000n\000t\000a\000l\000\040\000w\000e\000i\000g\000h\000t\000\040\000a\000n\000d\000\040\000f\000u\000n\000d\000a\000m\000e\000n\000t\000a\000l\000\040\000r\000e\000p\000r\000e\000s\000e\000n\000t\000a\000t\000i\000o\000n}{subsection.8.3}% 42
\BOOKMARK [2][-]{subsection.8.4}{\376\377\000Q\000u\000e\000s\000t\000i\000o\000n\000s\000\040\000a\000n\000d\000\040\000t\000h\000o\000u\000g\000h\000t\000s}{section.8}% 43
\BOOKMARK [1][-]{section.9}{\376\377\000W\000e\000e\000k\000\040\0008\000:\000\040\000R\000e\000p\000r\000e\000s\000e\000n\000t\000a\000t\000i\000o\000n\000\040\000o\000f\000\040\000L\000i\000e\000\040\000A\000l\000g\000e\000b\000r\000a}{}% 44
\BOOKMARK [2][-]{subsection.9.1}{\376\377\117\213\133\120\377\032\000F\000u\000n\000d\000a\000m\000e\000n\000t\000a\000l\000\040\000R\000e\000p\000e\000s\000e\000n\000t\000a\000t\000i\000o\000n\000\040\000o\000f\000\040\000s\000u\000\050\0003\000\051}{section.9}% 45
\BOOKMARK [2][-]{subsection.9.2}{\376\377\210\150\171\072\172\172\225\364\176\323\147\204\116\016\000W\000e\000i\000g\000h\000t}{section.9}% 46
\BOOKMARK [2][-]{subsection.9.3}{\376\377\000W\000e\000y\000l\000\040\000G\000r\000o\000u\000p}{section.9}% 47
\BOOKMARK [2][-]{subsection.9.4}{\376\377\000C\000o\000n\000j\000u\000g\000a\000t\000e\000\040\000R\000e\000p\000r\000e\000s\000e\000n\000t\000a\000t\000i\000o\000n}{section.9}% 48
\BOOKMARK [2][-]{subsection.9.5}{\376\377\000Q\000u\000e\000s\000t\000i\000o\000n\000s\000\040\000a\000n\000d\000\040\000t\000h\000o\000u\000g\000h\000t\000s}{section.9}% 49
\BOOKMARK [1][-]{section.10}{\376\377\000W\000e\000e\000k\000\040\0009\000:\000\040\000T\000e\000n\000s\000o\000r\000\040\000M\000e\000t\000h\000o\000d}{}% 50
\BOOKMARK [2][-]{subsection.10.1}{\376\377\000T\000e\000n\000s\000o\000r\000\040\000M\000e\000t\000h\000o\000d\000s\000\040\000f\000o\000r\000\040\000S\000U\000\050\0003\000\051}{section.10}% 51
\BOOKMARK [2][-]{subsection.10.2}{\376\377\000Q\000u\000e\000s\000t\000i\000o\000n\000s\000\040\000a\000n\000d\000\040\000T\000h\000o\000u\000g\000h\000t\000s}{section.10}% 52
\BOOKMARK [1][-]{section.11}{\376\377\000S\000c\000r\000a\000t\000c\000h\000\040\000b\000o\000o\000k}{}% 53
