\BOOKMARK [1][-]{section.1}{\376\377\000L\000e\000c\000t\000u\000r\000e\000\040\0001\000:\000\040\000B\000a\000s\000i\000c\000\040\000I\000n\000t\000r\000o\000d\000u\000c\000t\000i\000o\000n\000\040\000a\000n\000d\000\040\000U\000n\000i\000t\000s}{}% 1
\BOOKMARK [2][-]{subsection.1.1}{\376\377\000M\000o\000t\000i\000v\000a\000t\000i\000o\000n\000\040\000f\000o\000r\000\040\000Q\000F\000T}{section.1}% 2
\BOOKMARK [2][-]{subsection.1.2}{\376\377\000U\000n\000i\000t\000\040\000S\000y\000s\000t\000e\000m}{section.1}% 3
\BOOKMARK [2][-]{subsection.1.3}{\376\377\000Q\000u\000e\000s\000t\000i\000o\000n\000s\000\040\000a\000n\000d\000\040\000T\000h\000o\000u\000g\000h\000t\000s}{section.1}% 4
\BOOKMARK [1][-]{section.2}{\376\377\000L\000e\000c\000t\000u\000r\000e\000\040\0002\000:\000\040\000C\000l\000a\000s\000s\000i\000c\000a\000l\000\040\000M\000e\000c\000h\000a\000n\000i\000c\000s\000\040\000a\000n\000d\000\040\000F\000i\000e\000l\000d\000\040\000T\000h\000e\000o\000r\000y}{}% 5
\BOOKMARK [2][-]{subsection.2.1}{\376\377\176\317\121\170\122\233\133\146\127\372\170\100}{section.2}% 6
\BOOKMARK [2][-]{subsection.2.2}{\376\377\000Q\000u\000e\000s\000t\000i\000o\000n\000s\000\040\000a\000n\000d\000\040\000T\000h\000o\000u\000g\000h\000t\000s}{section.2}% 7
\BOOKMARK [1][-]{section.3}{\376\377\000L\000e\000c\000t\000u\000r\000e\000\040\0003\000:\000\040\000F\000u\000n\000d\000a\000m\000e\000n\000t\000a\000l\000s\000\040\000o\000n\000\040\000S\000y\000m\000m\000e\000t\000r\000i\000e\000s\000\040\000a\000n\000d\000\040\000G\000r\000o\000u\000p\000\040\000I}{}% 8
\BOOKMARK [2][-]{subsection.3.1}{\376\377\133\371\171\360\140\047\116\016\177\244}{section.3}% 9
\BOOKMARK [2][-]{subsection.3.2}{\376\377\000Q\000u\000e\000s\000t\000i\000o\000n\000s\000\040\000a\000n\000d\000\040\000T\000h\000o\000u\000g\000h\000t\000s}{section.3}% 10
\BOOKMARK [1][-]{section.4}{\376\377\000L\000e\000c\000t\000u\000r\000e\000\040\0004\000:\000\040\000L\000i\000e\000\040\000A\000l\000g\000e\000b\000r\000a}{}% 11
\BOOKMARK [2][-]{subsection.4.1}{\376\377\147\116\116\343\145\160\164\006\213\272\127\372\170\100}{section.4}% 12
\BOOKMARK [2][-]{subsection.4.2}{\376\377\000Q\000u\000e\000s\000t\000i\000o\000n\000s\000\040\000a\000n\000d\000\040\000T\000h\000o\000u\000g\000h\000t\000s}{section.4}% 13
\BOOKMARK [1][-]{section.5}{\376\377\000L\000e\000c\000t\000u\000r\000e\000\040\0005\000:\000\040\000L\000i\000e\000\040\000G\000r\000o\000u\000p\000\040\000a\000n\000d\000\040\000P\000o\000i\000n\000c\000a\000r\000e\000\040\000G\000r\000o\000u\000p}{}% 14
\BOOKMARK [2][-]{subsection.5.1}{\376\377\000L\000i\000e\000\040\000G\000r\000o\000u\000p\000\040\000R\000e\000p\000r\000e\000s\000e\000n\000t\000a\000t\000i\000o\000n\000s}{section.5}% 15
\BOOKMARK [3][-]{subsubsection.5.1.1}{\376\377\116\000\202\054\147\116\116\343\145\160\377\014\147\116\177\244\210\150\171\072\166\204\147\204\220\040}{subsection.5.1}% 16
\BOOKMARK [3][-]{subsubsection.5.1.2}{\376\377\000A\000d\000j\000o\000i\000n\000t\000\040\000R\000e\000p\000r\000e\000s\000e\000n\000t\000a\000t\000i\000o\000n}{subsection.5.1}% 17
\BOOKMARK [2][-]{subsection.5.2}{\376\377\000L\000o\000r\000e\000n\000t\000z\000\040\000a\000n\000d\000\040\000P\000o\000i\000n\000c\000a\000r\000e\000\040\000G\000r\000o\000u\000p}{section.5}% 18
\BOOKMARK [2][-]{subsection.5.3}{\376\377\000Q\000u\000e\000s\000t\000i\000o\000n\000s\000\040\000a\000n\000d\000\040\000t\000h\000o\000u\000g\000h\000t\000s}{section.5}% 19
\BOOKMARK [1][-]{section.6}{\376\377\000L\000e\000c\000t\000u\000r\000e\000\040\0006\000:\000\040\000P\000o\000i\000n\000c\000a\000r\000e\000\040\000L\000i\000e\000\040\000A\000l\000e\000b\000r\000a\000\040\000a\000n\000d\000\040\000R\000e\000p\000r\000e\000s\000e\000n\000t\000a\000t\000i\000o\000n\000\040\000o\000n\000\040\000F\000i\000e\000l\000d\000s}{}% 20
\BOOKMARK [2][-]{subsection.6.1}{\376\377\000L\000i\000e\000\040\000A\000l\000g\000e\000b\000r\000a\000\040\000o\000f\000\040\000S\000O\000\050\0003\000,\0001\000\051}{section.6}% 21
\BOOKMARK [2][-]{subsection.6.2}{\376\377\000R\000e\000p\000r\000e\000s\000e\000n\000t\000a\000t\000i\000o\000n\000\040\000o\000f\000\040\000s\000o\000\050\0003\000,\0001\000\051\000\040\000A\000l\000g\000e\000b\000r\000a}{section.6}% 22
\BOOKMARK [2][-]{subsection.6.3}{\376\377\150\007\221\317\127\072\147\204\127\213\172\172\225\364\117\134\116\072\210\150\171\072\172\172\225\364}{section.6}% 23
\BOOKMARK [3][-]{subsubsection.6.3.1}{\376\377\150\007\221\317\127\072\147\204\127\213\172\172\225\364\117\134\116\072\116\000\202\054\000D\000i\000i\000f\000e\000o\000m\000o\000r\000p\000h\000i\000s\000m\177\244\166\204\210\150\171\072\172\172\225\364}{subsection.6.3}% 24
\BOOKMARK [3][-]{subsubsection.6.3.2}{\376\377\150\007\221\317\127\072\147\204\127\213\172\172\225\364\117\134\116\072\000P\000o\000i\000n\000c\000a\000r\000e\177\244\166\204\210\150\171\072\172\172\225\364}{subsection.6.3}% 25
\BOOKMARK [3][-]{subsubsection.6.3.3}{\376\377\000A\000d\000j\000o\000i\000n\000t\000\040\000R\000e\000p\000r\000e\000s\000e\000n\000t\000a\000t\000i\000o\000n\000\040\000o\000f\000\040\000P\000o\000i\000n\000c\000a\000r\000e\000\040\000L\000i\000e\000\040\000A\000l\000g\000e\000b\000r\000a}{subsection.6.3}% 26
\BOOKMARK [2][-]{subsection.6.4}{\376\377\116\000\202\054\127\072\147\204\127\213\172\172\225\364\117\134\116\072\000P\000o\000i\000n\000c\000a\000r\000e\177\244\166\204\210\150\171\072\172\172\225\364}{section.6}% 27
\BOOKMARK [2][-]{subsection.6.5}{\376\377\000Q\000u\000e\000s\000t\000i\000o\000n\000s\000\040\000a\000n\000d\000\040\000T\000h\000o\000u\000g\000h\000t\000s}{section.6}% 28
\BOOKMARK [1][-]{section.7}{\376\377\000L\000e\000c\000t\000u\000r\000e\000\040\0007\000:\000\040\000S\000y\000m\000m\000e\000t\000r\000y\000\040\000a\000n\000d\000\040\000C\000o\000n\000s\000e\000r\000v\000a\000t\000i\000o\000n\000\040\000L\000a\000w}{}% 29
\BOOKMARK [2][-]{subsection.7.1}{\376\377\000S\000y\000m\000m\000e\000t\000r\000y\123\330\143\142\166\204\133\232\116\111}{section.7}% 30
\BOOKMARK [3][-]{subsubsection.7.1.1}{\376\377\000S\000y\000m\000m\000e\000t\000r\000y\000\040\000T\000r\000a\000n\000s\000f\000o\000r\000m\000a\000t\000i\000o\000n\000\040\000f\000o\000r\000\040\000L\000a\000g\000r\000a\000n\000g\000i\000a\000n\000\040\000F\000o\000r\000m\000a\000l\000i\000s\000m}{subsection.7.1}% 31
\BOOKMARK [3][-]{subsubsection.7.1.2}{\376\377\145\340\226\120\134\017\127\120\150\007\123\330\143\142\116\345\123\312\127\072\147\204\127\213\172\172\225\364\123\330\122\006}{subsection.7.1}% 32
\BOOKMARK [2][-]{subsection.7.2}{\376\377\000N\000o\000e\000t\000h\000e\000r\000'\000s\000\040\000T\000h\000e\000o\000r\000e\000m}{section.7}% 33
\BOOKMARK [3][-]{subsubsection.7.2.1}{\376\377\000N\000o\000e\000t\000h\000e\000r\000'\000s\000\040\000T\000h\000e\000o\000r\000e\000m\166\204\226\110\217\360\116\016\213\301\146\016}{subsection.7.2}% 34
\BOOKMARK [3][-]{subsubsection.7.2.2}{\376\377\000N\000o\000e\000t\000h\000e\000r\000\040\000C\000u\000r\000r\000e\000n\000t\166\204\213\241\173\227\145\271\154\325}{subsection.7.2}% 35
\BOOKMARK [2][-]{subsection.7.3}{\376\377\000N\000o\000e\000t\000h\000e\000r\000\040\000C\000u\000r\000r\000e\000n\000t\123\330\122\006\213\241\173\227\142\200\135\347}{section.7}% 36
\BOOKMARK [2][-]{subsection.7.4}{\376\377\000S\000y\000m\000m\000e\000t\000r\000y\000\040\000a\000n\000d\000\040\000C\000o\000n\000s\000e\000r\000v\000a\000t\000i\000o\000n\000\040\000o\000f\000\040\000P\000o\000i\000n\000c\000a\000r\000e}{section.7}% 37
\BOOKMARK [3][-]{subsubsection.7.4.1}{\376\377\145\366\172\172\136\163\171\373\133\371\171\360\140\047}{subsection.7.4}% 38
\BOOKMARK [3][-]{subsubsection.7.4.2}{\376\377\000L\000o\000r\000e\000n\000t\000z\133\371\171\360\140\047}{subsection.7.4}% 39
\BOOKMARK [2][-]{subsection.7.5}{\376\377\210\145\121\105\377\032\133\371\171\360\140\047\124\214\133\210\140\122\155\101\166\204\123\346\116\000\171\315\133\232\116\111}{section.7}% 40
\BOOKMARK [3][-]{subsubsection.7.5.1}{\376\377\000S\000y\000m\000m\000e\000t\000r\000y\000\040\000a\000n\000d\000\040\000C\000o\000n\000s\000e\000r\000v\000e\000d\000\040\000C\000u\000r\000r\000e\000n\000t}{subsection.7.5}% 41
\BOOKMARK [3][-]{subsubsection.7.5.2}{\376\377\000E\000n\000e\000r\000g\000y\000-\000M\000o\000m\000e\000n\000t\000u\000m\000\040\000T\000e\000n\000s\000o\000r}{subsection.7.5}% 42
\BOOKMARK [2][-]{subsection.7.6}{\376\377\210\145\121\105\377\032\000N\000o\000e\000t\000h\000e\000r\000\040\000C\000h\000a\000r\000g\000e\000\040\127\050\000H\000a\000m\000i\000l\000t\000o\000n\000i\000a\000n\122\233\133\146\166\204\141\017\116\111}{section.7}% 43
\BOOKMARK [2][-]{subsection.7.7}{\376\377\000Q\000u\000e\000s\000t\000i\000o\000n\000s\000\040\000a\000n\000d\000\040\000t\000h\000o\000u\000g\000h\000t\000s}{section.7}% 44
\BOOKMARK [1][-]{section.8}{\376\377\000S\000u\000p\000\040\0004\000:\000\040\000G\000e\000n\000e\000r\000a\000l\000i\000z\000e\000d\000\040\000N\000o\000e\000t\000h\000e\000r\000'\000s\000\040\000t\000h\000e\000o\000r\000e\000m}{}% 45
\BOOKMARK [1][-]{section.9}{\376\377\000L\000e\000c\000t\000u\000r\000e\000\040\0008\000:\000\040\000Q\000u\000a\000n\000t\000i\000z\000a\000t\000i\000o\000n\000\040\000o\000f\000\040\000S\000c\000a\000l\000a\000r\000\040\000F\000i\000e\000l\000d}{}% 46
\BOOKMARK [2][-]{subsection.9.1}{\376\377\201\352\165\061\150\007\221\317\127\072\221\317\133\120\123\026}{section.9}% 47
\BOOKMARK [3][-]{subsubsection.9.1.1}{\376\377\176\317\121\170\201\352\165\061\150\007\221\317\127\072\000m\000o\000t\000i\000v\000a\000t\000i\000o\000n}{subsection.9.1}% 48
\BOOKMARK [3][-]{subsubsection.9.1.2}{\376\377\201\352\165\061\150\007\221\317\127\072\221\317\133\120\123\026}{subsection.9.1}% 49
\BOOKMARK [3][-]{subsubsection.9.1.3}{\376\377\201\352\165\061\150\007\221\317\127\072\000S\000p\000e\000c\000t\000r\000u\000m\000\040\122\006\147\220}{subsection.9.1}% 50
\BOOKMARK [3][-]{subsubsection.9.1.4}{\376\377\201\352\165\061\150\007\221\317\127\072\166\204\217\336\176\355\147\201\226\120\116\013\000S\000p\000e\000c\000t\000r\000u\000m\122\006\147\220}{subsection.9.1}% 51
\BOOKMARK [2][-]{subsection.9.2}{\376\377\000Q\000u\000e\000s\000t\000i\000o\000n\000s\000\040\000a\000n\000d\000\040\000t\000h\000o\000u\000g\000h\000t\000s}{section.9}% 52
\BOOKMARK [1][-]{section.10}{\376\377\000L\000e\000c\000t\000u\000r\000e\000\040\0009\000-\0001\0000\000:\000\040\000S\000p\000e\000c\000t\000r\000u\000m\000\040\000a\000n\000d\000\040\000L\000o\000r\000e\000n\000t\000z\000\040\000C\000o\000v\000a\000r\000i\000a\000n\000t\000\040\000o\000f\000\040\000Q\000u\000a\000n\000t\000u\000m\000\040\000S\000c\000a\000l\000a\000r\000\040\000F\000i\000e\000l\000d}{}% 53
\BOOKMARK [2][-]{subsection.10.1}{\376\377\201\352\165\061\150\007\221\317\127\072\000H\000i\000l\000b\000e\000r\000t\000\040\000S\000p\000a\000c\000e}{section.10}% 54
\BOOKMARK [3][-]{subsubsection.10.1.1}{\376\377\000F\000o\000c\000k\000\040\000S\000p\000a\000c\000e\147\204\220\040\000H\000i\000l\000b\000e\000r\000t\000\040\000S\000p\000a\000c\000e}{subsection.10.1}% 55
\BOOKMARK [3][-]{subsubsection.10.1.2}{\376\377\000L\000o\000r\000e\000n\000t\000z\116\015\123\330\137\142\137\017\166\204\000M\000e\000a\000s\000u\000r\000e\124\214\000D\000e\000l\000t\000a\121\375\145\160}{subsection.10.1}% 56
\BOOKMARK [3][-]{subsubsection.10.1.3}{\376\377\122\250\221\317\116\016\117\115\177\156\210\150\214\141}{subsection.10.1}% 57
\BOOKMARK [2][-]{subsection.10.2}{\376\377\000H\000e\000i\000s\000e\000n\000b\000e\000r\000g\000\040\000P\000i\000c\000t\000u\000r\000e\147\204\220\040\121\150\145\366\172\172\166\204\127\072\173\227\173\046}{section.10}% 58
\BOOKMARK [2][-]{subsection.10.3}{\376\377\211\322\122\250\221\317\124\214\000B\000o\000o\000s\000t\133\210\140\122\221\317}{section.10}% 59
\BOOKMARK [2][-]{subsection.10.4}{\376\377\221\317\133\120\164\006\213\272\166\204\000P\000o\000i\000n\000c\000a\000r\000e\000\040\000C\000o\000v\000a\000r\000i\000a\000n\000c\000e}{section.10}% 60
\BOOKMARK [3][-]{subsubsection.10.4.1}{\376\377\145\366\172\172\136\163\171\373\123\330\143\142\116\013\221\317\133\120\140\001\166\204\123\330\143\142}{subsection.10.4}% 61
\BOOKMARK [3][-]{subsubsection.10.4.2}{\376\377\000L\000o\000r\000e\000n\000t\000z\123\330\143\142\116\013\221\317\133\120\140\001\166\204\123\330\143\142}{subsection.10.4}% 62
\BOOKMARK [2][-]{subsection.10.5}{\376\377\210\145\121\105\213\250\213\272\377\032\000L\000o\000r\000e\000n\000t\000z\000\040\000G\000r\000o\000u\000p\166\204\210\150\171\072\140\073\176\323}{section.10}% 63
\BOOKMARK [2][-]{subsection.10.6}{\376\377\000C\000o\000m\000p\000l\000e\000x\000\040\000S\000c\000a\000l\000a\000r\000\040\000F\000i\000e\000l\000d}{section.10}% 64
\BOOKMARK [2][-]{subsection.10.7}{\376\377\000Q\000u\000e\000s\000t\000i\000o\000n\000\040\000a\000n\000d\000\040\000T\000h\000o\000u\000g\000h\000t\000s}{section.10}% 65
\BOOKMARK [1][-]{section.11}{\376\377\000L\000e\000c\000t\000u\000r\000e\000\040\0001\0000\000:\000\040\000C\000l\000a\000s\000s\000i\000c\000a\000l\000\040\000S\000p\000i\000n\000o\000r\000\040\000F\000i\000e\000l\000d}{}% 66
\BOOKMARK [2][-]{subsection.11.1}{\376\377\000W\000e\000y\000l\000\040\000S\000p\000i\000n\000o\000r\000\040\000F\000i\000e\000l\000d}{section.11}% 67
\BOOKMARK [2][-]{subsection.11.2}{\376\377\000P\000a\000r\000i\000t\000y\000\040\000a\000n\000d\000\040\000D\000i\000r\000a\000c\000\040\000F\000i\000e\000l\000d}{section.11}% 68
\BOOKMARK [3][-]{subsubsection.11.2.1}{\376\377\000P\000a\000r\000i\000t\000y\123\330\143\142\166\204\210\150\171\072}{subsection.11.2}% 69
\BOOKMARK [3][-]{subsubsection.11.2.2}{\376\377\000D\000i\000r\000a\000c\000\040\000S\000p\000i\000n\000o\000r\000\040\000F\000i\000e\000l\000d}{subsection.11.2}% 70
\BOOKMARK [2][-]{subsection.11.3}{\376\377\000C\000o\000m\000p\000l\000e\000x\000\040\000C\000o\000n\000j\000u\000g\000a\000t\000e\000\040\000a\000n\000d\000\040\000M\000a\000j\000o\000r\000a\000n\000a\000\040\000S\000p\000i\000n\000o\000r}{section.11}% 71
\BOOKMARK [3][-]{subsubsection.11.3.1}{\376\377\0002\000D\000\040\000L\000e\000v\000i\000-\000C\000i\000v\000i\000t\000a\173\046\123\367}{subsection.11.3}% 72
\BOOKMARK [3][-]{subsubsection.11.3.2}{\376\377\000C\000o\000m\000p\000l\000e\000x\000\040\000C\000o\000n\000j\000u\000g\000a\000t\000e\000\040\000R\000e\000p\000r\000e\000s\000e\000n\000t\000a\000t\000i\000o\000n}{subsection.11.3}% 73
\BOOKMARK [3][-]{subsubsection.11.3.3}{\376\377\000M\000a\000j\000o\000r\000a\000n\000a\000\040\000S\000p\000i\000n\000o\000r\000\040\000F\000i\000e\000l\000d}{subsection.11.3}% 74
\BOOKMARK [2][-]{subsection.11.4}{\376\377\000Q\000u\000e\000s\000t\000i\000o\000n\000s\000\040\000a\000n\000d\000\040\000T\000h\000o\000u\000g\000h\000t\000s}{section.11}% 75
\BOOKMARK [1][-]{section.12}{\376\377\000L\000e\000c\000t\000u\000r\000e\000\040\0001\0001\000:\000\040\000C\000l\000a\000s\000s\000i\000c\000a\000l\000\040\000S\000p\000i\000n\000o\000r\000\040\000F\000i\000e\000l\000d\000s\000\040\000a\000n\000d\000\040\000L\000a\000g\000r\000a\000n\000g\000i\000a\000n\000s}{}% 76
\BOOKMARK [2][-]{subsection.12.1}{\376\377\000S\000p\000i\000n\000o\000r\166\204\143\007\150\007\213\260\123\367}{section.12}% 77
\BOOKMARK [2][-]{subsection.12.2}{\376\377\000\050\0001\000/\0002\000,\0001\000/\0002\000\051\210\150\171\072}{section.12}% 78
\BOOKMARK [3][-]{subsubsection.12.2.1}{\376\377\210\150\171\072\172\172\225\364\127\372\147\054\147\204\220\040}{subsection.12.2}% 79
\BOOKMARK [3][-]{subsubsection.12.2.2}{\376\377\000D\000e\000f\000i\000n\000i\000n\000g\000\040\000R\000e\000p\000r\000e\000s\000e\000n\000t\000a\000t\000i\000o\000n\173\111\116\367\116\216\000\050\0001\000/\0002\000,\0001\000/\0002\000\051\210\150\171\072}{subsection.12.2}% 80
\BOOKMARK [2][-]{subsection.12.3}{\376\377\000C\000o\000v\000a\000r\000i\000a\000n\000t\000\040\217\320\122\250\145\271\172\013}{section.12}% 81
\BOOKMARK [3][-]{subsubsection.12.3.1}{\376\377\000W\000e\000y\000l\000\040\000S\000p\000i\000n\000o\000r\166\204\217\320\122\250\145\271\172\013}{subsection.12.3}% 82
\BOOKMARK [3][-]{subsubsection.12.3.2}{\376\377\000M\000a\000j\000o\000r\000a\000n\000a\000\040\000S\000p\000i\000n\000o\000r\166\204\217\320\122\250\145\271\172\013}{subsection.12.3}% 83
\BOOKMARK [3][-]{subsubsection.12.3.3}{\376\377\000D\000i\000r\000a\000c\000\040\000S\000p\000i\000n\000o\000r\166\204\217\320\122\250\145\271\172\013}{subsection.12.3}% 84
\BOOKMARK [2][-]{subsection.12.4}{\376\377\000L\000a\000g\000r\000a\000n\000g\000i\000a\000n\000\040\000F\000o\000r\000m\000u\000l\000a\000t\000i\000o\000n\000\040\000o\000f\000\040\000S\000p\000i\000n\000o\000r\000\040\000F\000i\000e\000l\000d\000s}{section.12}% 85
\BOOKMARK [3][-]{subsubsection.12.4.1}{\376\377\000W\000e\000y\000l\000\040\000S\000p\000i\000n\000o\000r\166\204\000L\000a\000g\000r\000a\000n\000g\000i\000a\000n}{subsection.12.4}% 86
\BOOKMARK [3][-]{subsubsection.12.4.2}{\376\377\000D\000i\000r\000a\000c\000\040\000S\000p\000i\000n\000o\000r\166\204\000L\000a\000g\000r\000a\000n\000g\000i\000a\000n}{subsection.12.4}% 87
\BOOKMARK [3][-]{subsubsection.12.4.3}{\376\377\000M\000a\000j\000o\000r\000a\000n\000a\000\040\000S\000p\000i\000n\000o\000r\166\204\000L\000a\000g\000r\000a\000n\000g\000i\000a\000n}{subsection.12.4}% 88
\BOOKMARK [2][-]{subsection.12.5}{\376\377\210\145\121\105\213\250\213\272\000:\000\040\000I\000n\000t\000e\000r\000n\000a\000l\000\040\000S\000y\000m\000m\000e\000t\000r\000y\116\345\123\312\127\072\213\272\147\204\220\040}{section.12}% 89
\BOOKMARK [2][-]{subsection.12.6}{\376\377\210\145\121\105\377\032\000G\000a\000m\000m\000a\000\040\000M\000a\000t\000r\000i\000x\000\040\000i\000n\000\040\000W\000e\000y\000l\000\040\000R\000e\000p\000r\000e\000s\000e\000n\000t\000a\000t\000i\000o\000n}{section.12}% 90
\BOOKMARK [2][-]{subsection.12.7}{\376\377\000Q\000u\000e\000s\000t\000i\000o\000n\000s\000\040\000a\000n\000d\000\040\000T\000h\000o\000u\000g\000h\000t\000s}{section.12}% 91
\BOOKMARK [1][-]{section.13}{\376\377\000L\000e\000c\000t\000u\000r\000e\000\040\0001\0002\000:\000\040\000O\000n\000\040\000S\000h\000e\000l\000l\000\040\000M\000o\000d\000e\000\040\000E\000x\000p\000a\000n\000s\000i\000o\000n\000\040\000o\000f\000\040\000D\000i\000r\000a\000c\000\040\000S\000p\000i\000n\000o\000r\000\040\000F\000i\000e\000l\000d}{}% 92
\BOOKMARK [2][-]{subsection.13.1}{\376\377\000C\000l\000a\000s\000s\000i\000c\000a\000l\000\040\000D\000i\000r\000a\000c\000\040\000S\000p\000i\000n\000o\000r\000\040\000F\000i\000e\000l\000d\166\204\000O\000n\000\040\000S\000h\000e\000l\000l\000\040\000S\000o\000l\000u\000t\000i\000o\000n}{section.13}% 93
\BOOKMARK [3][-]{subsubsection.13.1.1}{\376\377\000O\000n\000\040\000s\000h\000e\000l\000l\000\040\000M\000o\000d\000e\000\040\000E\000x\000p\000a\000n\000s\000i\000o\000n}{subsection.13.1}% 94
\BOOKMARK [3][-]{subsubsection.13.1.2}{\376\377\134\125\137\000\145\313\221\317\000m\000o\000d\000e\000\040\000\040\000u\000\050\000p\000\051\000\040}{subsection.13.1}% 95
\BOOKMARK [3][-]{subsubsection.13.1.3}{\376\377\134\125\137\000\145\313\221\317\000m\000o\000d\000e\000\040\000\040\000v\000\050\000p\000\051\000\040}{subsection.13.1}% 96
\BOOKMARK [3][-]{subsubsection.13.1.4}{\376\377\000O\000n\000\040\000S\000h\000e\000l\000l\000\040\000M\000o\000d\000e\000\040\000E\000x\000p\000a\000n\000s\000i\000o\000n\140\073\176\323}{subsection.13.1}% 97
\BOOKMARK [2][-]{subsection.13.2}{\376\377\000S\000p\000i\000n\000o\000r\000\040\000B\000a\000s\000i\000s\140\047\215\050}{section.13}% 98
\BOOKMARK [2][-]{subsection.13.3}{\376\377\000C\000h\000i\000r\000a\000l\000i\000t\000y\000,\000\040\000H\000e\000l\000i\000c\000i\000t\000y\140\047\215\050}{section.13}% 99
\BOOKMARK [3][-]{subsubsection.13.3.1}{\376\377\000C\000h\000i\000r\000a\000l\000i\000t\000y}{subsection.13.3}% 100
\BOOKMARK [3][-]{subsubsection.13.3.2}{\376\377\000H\000e\000l\000i\000c\000i\000t\000y}{subsection.13.3}% 101
\BOOKMARK [3][-]{subsubsection.13.3.3}{\376\377\000M\000a\000s\000s\000l\000e\000s\000s\000\040\000L\000i\000m\000i\000t\116\013\000C\000h\000i\000r\000a\000l\000i\000t\000y\124\214\000H\000e\000l\000i\000c\000i\000t\000y\166\204\121\163\174\373}{subsection.13.3}% 102
\BOOKMARK [1][-]{section.14}{\376\377\000L\000e\000c\000t\000u\000r\000e\000\040\0001\0003\000:\000\040\000Q\000u\000a\000n\000t\000i\000z\000a\000t\000i\000o\000n\000\040\000o\000f\000\040\000D\000i\000r\000a\000c\000\040\000F\000i\000e\000l\000d}{}% 103
\BOOKMARK [2][-]{subsection.14.1}{\376\377\000Q\000u\000a\000n\000t\000i\000z\000a\000t\000i\000o\000n\166\204\140\035\215\357\116\016\121\306\131\007}{section.14}% 104
\BOOKMARK [3][-]{subsubsection.14.1.1}{\376\377\000Q\000u\000a\000n\000t\000i\000z\000a\000t\000i\000o\000n\166\204\140\035\215\357}{subsection.14.1}% 105
\BOOKMARK [3][-]{subsubsection.14.1.2}{\376\377\000Q\000u\000a\000n\000t\000i\000z\000a\000t\000i\000o\000n\000\040\121\306\131\007\135\345\117\134}{subsection.14.1}% 106
\BOOKMARK [2][-]{subsection.14.2}{\376\377\000Q\000u\000a\000n\000t\000i\000z\000a\000t\000i\000o\000n\000\040\000o\000f\000\040\000D\000i\000r\000a\000c\000\040\000F\000i\000e\000l\000d}{section.14}% 107
\BOOKMARK [3][-]{subsubsection.14.2.1}{\376\377\000F\000e\000r\000m\000i\000o\000n\000i\000c\000\040\000Q\000u\000a\000n\000t\000i\000z\000a\000t\000i\000o\000n}{subsection.14.2}% 108
\BOOKMARK [3][-]{subsubsection.14.2.2}{\376\377\000H\000a\000m\000i\000l\000t\000o\000n\000i\000a\000n\166\204\133\371\211\322\123\026}{subsection.14.2}% 109
\BOOKMARK [2][-]{subsection.14.3}{\376\377\000D\000i\000r\000a\000c\000\040\000F\000i\000e\000l\000d\166\204\000H\000i\000l\000b\000e\000r\000t\000\040\000S\000p\000a\000c\000e}{section.14}% 110
\BOOKMARK [2][-]{subsection.14.4}{\376\377\000H\000e\000i\000s\000e\000n\000b\000e\000r\000g\000\040\000P\000i\000c\000t\000u\000r\000e\147\204\220\040\121\150\145\366\172\172\166\204\127\072\173\227\173\046}{section.14}% 111
\BOOKMARK [2][-]{subsection.14.5}{\376\377\000U\000\050\0001\000\051\133\371\171\360\140\047\116\016\165\065\203\167\133\210\140\122}{section.14}% 112
\BOOKMARK [2][-]{subsection.14.6}{\376\377\211\322\122\250\221\317\124\214\000B\000o\000o\000s\000t\133\210\140\122\203\167}{section.14}% 113
\BOOKMARK [2][-]{subsection.14.7}{\376\377\000Q\000u\000e\000s\000t\000i\000o\000n\000s\000\040\000a\000n\000d\000\040\000T\000h\000o\000u\000g\000h\000t\000s}{section.14}% 114
\BOOKMARK [1][-]{section.15}{\376\377\000L\000e\000c\000t\000u\000r\000e\000\040\0001\0004\000:\000\040\000R\000e\000p\000r\000e\000s\000e\000n\000t\000a\000t\000i\000o\000n\000\040\000o\000f\000\040\000P\000o\000i\000n\000c\000a\000r\000e\000\040\000A\000l\000g\000e\000b\000r\000a}{}% 115
\BOOKMARK [2][-]{subsection.15.1}{\376\377\000P\000o\000i\000n\000c\000a\000r\000e\177\244\127\050\000H\000i\000l\000b\000e\000r\000t\000\040\000S\000p\000a\000c\000e\116\012\116\000\202\054\210\150\171\072}{section.15}% 116
\BOOKMARK [3][-]{subsubsection.15.1.1}{\376\377\000P\000o\000i\000n\000c\000a\000r\000e\177\244\166\204\210\150\171\072\116\000\202\054\170\024\172\166}{subsection.15.1}% 117
\BOOKMARK [3][-]{subsubsection.15.1.2}{\376\377\000P\000o\000i\000n\000c\000a\000r\000e\116\343\145\160\116\015\123\357\176\246\210\150\171\072\000C\000a\000s\000i\000m\000i\000r\173\227\173\046\122\006\174\173}{subsection.15.1}% 118
\BOOKMARK [2][-]{subsection.15.2}{\376\377\126\372\133\232\000\040\000m\0002\000,\000\040\000w\0002\000\040\116\015\123\357\176\246\210\150\171\072}{section.15}% 119
\BOOKMARK [3][-]{subsubsection.15.2.1}{\376\377\116\015\123\357\176\246\210\150\171\072\127\372\147\054\213\250\213\272}{subsection.15.2}% 120
\BOOKMARK [3][-]{subsubsection.15.2.2}{\376\377\000W\000i\000g\000n\000e\000r\000\040\000L\000i\000t\000t\000l\000e\000\040\000G\000r\000o\000u\000p\145\271\154\325\147\204\136\372\116\015\123\357\176\246\210\150\171\072}{subsection.15.2}% 121
\BOOKMARK [2][-]{subsection.15.3}{\376\377\147\011\215\050\221\317\174\222\133\120\210\150\171\072}{section.15}% 122
