\BOOKMARK [1][-]{section.1}{\376\377\000L\000e\000c\000t\000u\000r\000e\000\040\0002\000:\000\040\000Q\000u\000a\000n\000t\000u\000m\000\040\0002\000\040\000b\000i\000t\000\040\000S\000y\000s\000t\000e\000m}{}% 1
\BOOKMARK [2][-]{subsection.1.1}{\376\377\000T\000a\000k\000e\000\040\000h\000o\000m\000e\000\040\000m\000e\000s\000s\000a\000g\000e}{section.1}% 2
\BOOKMARK [2][-]{subsection.1.2}{\376\377\000Q\000u\000e\000s\000t\000i\000o\000n\000s\000\040\000a\000n\000d\000\040\000t\000h\000o\000u\000g\000h\000t\000s}{section.1}% 3
\BOOKMARK [1][-]{section.2}{\376\377\000L\000e\000c\000t\000u\000r\000e\000\040\0003\000:\000\040\000P\000u\000r\000i\000f\000i\000c\000a\000t\000i\000o\000n\000\040\000a\000n\000d\000\040\000P\000O\000V\000M\000\040\000m\000e\000a\000s\000u\000r\000e\000m\000e\000n\000t\000\040}{}% 4
\BOOKMARK [2][-]{subsection.2.1}{\376\377\000T\000a\000k\000e\000\040\000h\000o\000m\000e\000\040\000m\000e\000s\000s\000a\000g\000e\000s}{section.2}% 5
\BOOKMARK [3][-]{subsubsection.2.1.1}{\376\377\127\372\170\100\221\317\133\120\213\241\173\227}{subsection.2.1}% 6
\BOOKMARK [3][-]{subsubsection.2.1.2}{\376\377\000P\000u\000r\000i\000f\000i\000c\000a\000t\000i\000o\000n\166\370\121\163}{subsection.2.1}% 7
\BOOKMARK [3][-]{subsubsection.2.1.3}{\376\377\000F\000u\000n\000d\000a\000m\000e\000n\000t\000a\000l\000\040\000P\000O\000V\000M\000\040\000m\000e\000a\000s\000u\000r\000e\000m\000e\000n\000t}{subsection.2.1}% 8
\BOOKMARK [2][-]{subsection.2.2}{\376\377\000Q\000u\000e\000s\000t\000i\000o\000n\000s\000\040\000a\000n\000d\000\040\000t\000h\000o\000u\000g\000h\000t\000s}{section.2}% 9
\BOOKMARK [1][-]{section.3}{\376\377\000L\000e\000c\000t\000u\000r\000e\000\040\0004\000:\000\040\000K\000r\000a\000u\000s\000\040\000R\000e\000p\000r\000e\000s\000e\000n\000t\000a\000t\000i\000o\000n\000\040\000o\000f\000\040\000Q\000u\000a\000n\000t\000u\000m\000\040\000C\000h\000a\000n\000n\000e\000l}{}% 10
\BOOKMARK [2][-]{subsection.3.1}{\376\377\000K\000r\000a\000u\000s\000\040\000R\000e\000p\000r\000e\000s\000e\000n\000t\000a\000t\000i\000o\000n\000\040\000o\000f\000\040\000Q\000u\000a\000n\000t\000u\000m\000\040\000C\000h\000a\000n\000n\000e\000l\000s}{section.3}% 11
\BOOKMARK [2][-]{subsection.3.2}{\376\377\000P\000O\000V\000M\000\040\000a\000s\000\040\000a\000\040\000Q\000u\000a\000n\000t\000u\000m\000\040\000C\000h\000a\000n\000n\000e\000l}{section.3}% 12
\BOOKMARK [2][-]{subsection.3.3}{\376\377\000Q\000u\000e\000s\000t\000i\000o\000n\000s\000\040\000a\000n\000d\000\040\000t\000h\000o\000u\000g\000h\000t\000s}{section.3}% 13
\BOOKMARK [1][-]{section.4}{\376\377\000L\000e\000c\000t\000u\000r\000e\000\040\0005\000:\000\040\000S\000t\000i\000n\000e\000s\000p\000r\000i\000n\000g\000\040\000r\000e\000p\000r\000e\000s\000e\000n\000t\000a\000t\000i\000o\000n\000\040\000a\000n\000d\000\040\000C\000h\000o\000i\000\040\000r\000e\000p\000r\000e\000s\000e\000n\000t\000a\000t\000i\000o\000n}{}% 14
\BOOKMARK [2][-]{subsection.4.1}{\376\377\000S\000t\000e\000i\000n\000s\000p\000r\000i\000n\000g\000\040\000R\000e\000p\000r\000e\000s\000e\000n\000t\000a\000t\000i\000o\000n}{section.4}% 15
\BOOKMARK [2][-]{subsection.4.2}{\376\377\000C\000h\000o\000i\000\040\000R\000e\000p\000r\000e\000s\000e\000n\000t\000a\000t\000i\000o\000n}{section.4}% 16
\BOOKMARK [2][-]{subsection.4.3}{\376\377\000Q\000u\000e\000s\000t\000i\000o\000n\000s\000\040\000a\000n\000d\000\040\000T\000h\000o\000u\000g\000h\000t\000s}{section.4}% 17
\BOOKMARK [2][-]{subsection.4.4}{\376\377\000B\000e\000l\000l\000\040\000S\000t\000a\000t\000e\000\040\116\345\123\312\0002\000Q\000u\000b\000i\000t\166\204\127\372}{section.4}% 18
\BOOKMARK [1][-]{section.5}{\376\377\000L\000e\000c\000t\000u\000r\000e\000\040\0006\000:\000\040\000C\000h\000o\000i\000\040\000r\000e\000p\000r\000e\000s\000e\000n\000t\000a\000t\000i\000o\000n\000\040\000a\000n\000d\000\040\000C\000o\000m\000p\000l\000e\000t\000e\000\040\000P\000o\000s\000i\000t\000i\000v\000i\000t\000y}{}% 19
\BOOKMARK [2][-]{subsection.5.1}{\376\377\000C\000h\000o\000i\000\040\000R\000e\000p\000r\000e\000s\000e\000n\000t\000a\000t\000i\000o\000n\176\347\176\355}{section.5}% 20
\BOOKMARK [2][-]{subsection.5.2}{\376\377\000R\000e\000p\000r\000e\000s\000e\000n\000t\000a\000t\000i\000o\000n\000\040\000o\000f\000\040\000Q\000u\000a\000n\000t\000u\000m\000\040\000C\000h\000a\000n\000n\000e\000l}{section.5}% 21
\BOOKMARK [2][-]{subsection.5.3}{\376\377\000Q\000u\000e\000s\000t\000i\000o\000n\000s\000\040\000a\000n\000d\000\040\000T\000h\000o\000u\000g\000h\000t\000s}{section.5}% 22
\BOOKMARK [1][-]{section.6}{\376\377\000L\000e\000c\000t\000u\000r\000e\000\040\0007\000:\000\040\000V\000e\000c\000t\000o\000r\000i\000z\000a\000t\000i\000o\000n\166\204\145\160\133\146\142\200\135\347}{}% 23
\BOOKMARK [2][-]{subsection.6.1}{\376\377\000V\000e\000c\000t\000o\000r\000i\000z\000a\000t\000i\000o\000n\124\214\000Q\000u\000a\000n\000t\000u\000m\000\040\000C\000h\000a\000n\000n\000e\000l\176\323\124\010}{section.6}% 24
\BOOKMARK [2][-]{subsection.6.2}{\376\377\000A\000v\000e\000r\000a\000g\000e\000\040\000O\000v\000e\000r\000\040\000U\000n\000i\000t\000a\000r\000y}{section.6}% 25
\BOOKMARK [2][-]{subsection.6.3}{\376\377\000G\000e\000n\000e\000r\000a\000l\000\040\000m\000a\000p\000\040\000V\000e\000c\000t\000o\000r\000i\000z\000a\000t\000i\000o\000n}{section.6}% 26
\BOOKMARK [2][-]{subsection.6.4}{\376\377\000P\000a\000u\000l\000i\000\040\000T\000r\000a\000n\000s\000f\000e\000r\000\040\000M\000a\000t\000r\000i\000x}{section.6}% 27
\BOOKMARK [2][-]{subsection.6.5}{\376\377\000Q\000u\000e\000s\000t\000i\000o\000n\000s\000\040\000a\000n\000d\000\040\000T\000h\000o\000u\000g\000h\000t\000s}{section.6}% 28
\BOOKMARK [1][-]{section.7}{\376\377\000L\000e\000c\000t\000u\000r\000e\000\040\0008\000:\000\040\000S\000h\000o\000t\000\040\000N\000o\000i\000s\000e}{}% 29
\BOOKMARK [2][-]{subsection.7.1}{\376\377\000S\000h\000o\000t\000\040\000N\000o\000i\000s\000e\000\040\213\250\213\272}{section.7}% 30
\BOOKMARK [3][-]{subsubsection.7.1.1}{\376\377\000E\000s\000t\000i\000m\000a\000t\000o\000r\166\204\127\372\147\054\151\202\137\365}{subsection.7.1}% 31
\BOOKMARK [3][-]{subsubsection.7.1.2}{\376\377\155\113\221\317\145\271\154\325\166\204\137\161\124\315}{subsection.7.1}% 32
\BOOKMARK [3][-]{subsubsection.7.1.3}{\376\377\151\202\163\207\116\012\165\114\116\016\145\066\145\133}{subsection.7.1}% 33
\BOOKMARK [2][-]{subsection.7.2}{\376\377\000Q\000u\000e\000s\000t\000i\000o\000n\000\040\000a\000n\000d\000\040\000t\000h\000o\000u\000g\000h\000t\000s}{section.7}% 34
\BOOKMARK [1][-]{section.8}{\376\377\000L\000e\000c\000t\000u\000r\000e\000\040\0009\000:\000\040\123\072\122\006\221\317\133\120\140\001\116\016\167\351\226\065\152\041\225\177}{}% 35
\BOOKMARK [2][-]{subsection.8.1}{\376\377\123\072\122\006\221\317\133\120\140\001}{section.8}% 36
\BOOKMARK [2][-]{subsection.8.2}{\376\377\167\351\226\065\152\041\225\177}{section.8}% 37
\BOOKMARK [1][-]{section.9}{\376\377\000L\000e\000c\000t\000u\000r\000e\000\040\0001\0000\000:\000\040\000E\000n\000t\000r\000o\000p\000y}{}% 38
\BOOKMARK [2][-]{subsection.9.1}{\376\377\000C\000l\000a\000s\000s\000i\000c\000a\000l\000\040\000E\000n\000t\000r\000o\000p\000y}{section.9}% 39
\BOOKMARK [3][-]{subsubsection.9.1.1}{\376\377\000S\000i\000n\000g\000l\000e\000\040\000R\000a\000n\000d\000o\000m\000\040\000V\000a\000r\000i\000a\000b\000l\000e\000\040\000E\000n\000t\000r\000o\000p\000y}{subsection.9.1}% 40
\BOOKMARK [1][-]{section.10}{\376\377\000L\000e\000c\000t\000u\000r\000e\000\040\0001\0001\000:\000\040\000R\000e\000s\000o\000u\000c\000e\000\040\000T\000h\000e\000o\000r\000y\000\040\000a\000n\000d\000\040\000E\000n\000t\000a\000n\000g\000l\000e\000m\000e\000n\000t\000\040\000R\000e\000s\000o\000u\000r\000c\000e}{}% 41
\BOOKMARK [2][-]{subsection.10.1}{\376\377\000S\000e\000t\000\040\000U\000p\000\040\000f\000o\000r\000\040\000R\000e\000s\000o\000u\000r\000c\000e\000\040\000T\000h\000e\000o\000r\000y}{section.10}% 42
\BOOKMARK [2][-]{subsection.10.2}{\376\377\000R\000e\000s\000o\000u\000r\000c\000e\000\040\000T\000h\000e\000o\000r\000y\000\040\000o\000f\000\040\000E\000n\000t\000a\000n\000g\000l\000e\000m\000e\000n\000t}{section.10}% 43
\BOOKMARK [1][-]{section.11}{\376\377\000L\000e\000c\000t\000u\000r\000e\000\040\0001\0002\000:\000\040\000E\000n\000t\000a\000n\000g\000l\000e\000m\000e\000n\000t\000\040\000M\000e\000a\000s\000u\000r\000e}{}% 44
\BOOKMARK [2][-]{subsection.11.1}{\376\377\000E\000n\000t\000a\000n\000g\000l\000e\000m\000e\000n\000t\000\040\000M\000e\000a\000s\000u\000r\000e}{section.11}% 45
\BOOKMARK [2][-]{subsection.11.2}{\376\377\000M\000i\000x\000e\000d\000\040\000S\000t\000a\000t\000e\000\040\000E\000n\000t\000a\000n\000g\000l\000e\000m\000e\000n\000t\000\040\000M\000e\000a\000s\000u\000r\000e}{section.11}% 46
\BOOKMARK [1][-]{section.12}{\376\377\000S\000u\000p\000\040\0001\000:\000\040\000Q\000I\116\113\116\055\136\070\165\050\166\204\145\160\133\146\142\200\135\347}{}% 47
\BOOKMARK [2][-]{subsection.12.1}{\376\377\127\372\170\100\145\160\133\146\142\200\135\347}{section.12}% 48
\BOOKMARK [3][-]{subsubsection.12.1.1}{\376\377\137\040\221\317\171\357}{subsection.12.1}% 49
\BOOKMARK [3][-]{subsubsection.12.1.2}{\376\377\000U\000n\000i\000t\000a\000r\000y}{subsection.12.1}% 50
\BOOKMARK [3][-]{subsubsection.12.1.3}{\376\377\000T\000r\000a\000c\000e}{subsection.12.1}% 51
\BOOKMARK [2][-]{subsection.12.2}{\376\377\000P\000a\000u\000l\000i\167\351\226\065\166\204\162\171\153\212\140\047\215\050}{section.12}% 52
\BOOKMARK [3][-]{subsubsection.12.2.1}{\376\377\127\372\147\054\133\232\116\111}{subsection.12.2}% 53
\BOOKMARK [3][-]{subsubsection.12.2.2}{\376\377\127\372\147\054\116\130\154\325\140\047\215\050}{subsection.12.2}% 54
\BOOKMARK [3][-]{subsubsection.12.2.3}{\376\377\133\371\146\023\123\315\133\371\146\023\121\163\174\373}{subsection.12.2}% 55
\BOOKMARK [3][-]{subsubsection.12.2.4}{\376\377\116\222\166\370\117\134\165\050\377\014\000p\000a\000u\000l\000i\167\351\226\065\117\134\165\050\127\050\000p\000a\000u\000l\000i\127\372\116\012}{subsection.12.2}% 56
\BOOKMARK [3][-]{subsubsection.12.2.5}{\376\377\143\007\145\160\137\142\137\017\166\204\000P\000a\000u\000l\000i\167\351\226\065}{subsection.12.2}% 57
\BOOKMARK [3][-]{subsubsection.12.2.6}{\376\377\000P\000a\000u\000l\000i\167\351\226\065\166\204\147\054\137\201\120\074\116\016\147\054\137\201\127\372}{subsection.12.2}% 58
\BOOKMARK [2][-]{subsection.12.3}{\376\377\136\070\165\050\116\015\173\111\137\017}{section.12}% 59
\BOOKMARK [1][-]{section.13}{\376\377\000S\000c\000r\000a\000t\000c\000h\000\040\000b\000o\000o\000k}{}% 60
